Flutter crash report; please file at https://github.com/flutter/flutter/issues.

## command

flutter packages get

## exception

YamlException: Error on line 6, column 1: Duplicate mapping key.
  ╷
6 │ author: Dominic Järmann
  │ ^^^^^^
  ╵

```
#0      Loader._loadMapping (package:yaml/src/loader.dart:165:9)
#1      Loader._loadNode (package:yaml/src/loader.dart:86:16)
#2      Loader._loadDocument (package:yaml/src/loader.dart:62:20)
#3      Loader.load (package:yaml/src/loader.dart:54:20)
#4      loadYamlDocument (package:yaml/yaml.dart:51:25)
#5      loadYamlNode (package:yaml/yaml.dart:42:5)
#6      loadYaml (package:yaml/yaml.dart:34:5)
#7      FlutterManifest.createFromString (package:flutter_tools/src/flutter_manifest.dart:38:28)
#8      FlutterManifest.createFromPath (package:flutter_tools/src/flutter_manifest.dart:32:12)
#9      FlutterProject._readManifest (package:flutter_tools/src/project.dart:180:54)
#10     FlutterProjectFactory.fromDirectory (package:flutter_tools/src/project.dart:35:53)
#11     FlutterProject.fromDirectory (package:flutter_tools/src/project.dart:65:78)
#12     FlutterProject.fromPath (package:flutter_tools/src/project.dart:73:50)
#13     PackagesGetCommand.usageValues (package:flutter_tools/src/commands/packages.dart:80:55)
<asynchronous suspension>
#14     FlutterCommand._sendUsage (package:flutter_tools/src/runner/flutter_command.dart:410:58)
<asynchronous suspension>
#15     FlutterCommand.run.<anonymous closure> (package:flutter_tools/src/runner/flutter_command.dart:392:17)
<asynchronous suspension>
#16     AppContext.run.<anonymous closure> (package:flutter_tools/src/base/context.dart:153:29)
<asynchronous suspension>
#17     _rootRun (dart:async/zone.dart:1124:13)
#18     _CustomZone.run (dart:async/zone.dart:1021:19)
#19     _runZoned (dart:async/zone.dart:1516:10)
#20     runZoned (dart:async/zone.dart:1463:12)
#21     AppContext.run (package:flutter_tools/src/base/context.dart:152:18)
<asynchronous suspension>
#22     FlutterCommand.run (package:flutter_tools/src/runner/flutter_command.dart:375:20)
#23     CommandRunner.runCommand (package:args/command_runner.dart:197:27)
<asynchronous suspension>
#24     FlutterCommandRunner.runCommand.<anonymous closure> (package:flutter_tools/src/runner/flutter_command_runner.dart:396:21)
<asynchronous suspension>
#25     AppContext.run.<anonymous closure> (package:flutter_tools/src/base/context.dart:153:29)
<asynchronous suspension>
#26     _rootRun (dart:async/zone.dart:1124:13)
#27     _CustomZone.run (dart:async/zone.dart:1021:19)
#28     _runZoned (dart:async/zone.dart:1516:10)
#29     runZoned (dart:async/zone.dart:1463:12)
#30     AppContext.run (package:flutter_tools/src/base/context.dart:152:18)
<asynchronous suspension>
#31     FlutterCommandRunner.runCommand (package:flutter_tools/src/runner/flutter_command_runner.dart:356:19)
<asynchronous suspension>
#32     CommandRunner.run.<anonymous closure> (package:args/command_runner.dart:112:25)
#33     new Future.sync (dart:async/future.dart:224:31)
#34     CommandRunner.run (package:args/command_runner.dart:112:14)
#35     FlutterCommandRunner.run (package:flutter_tools/src/runner/flutter_command_runner.dart:242:18)
#36     run.<anonymous closure>.<anonymous closure> (package:flutter_tools/runner.dart:62:22)
<asynchronous suspension>
#37     _rootRun (dart:async/zone.dart:1124:13)
#38     _CustomZone.run (dart:async/zone.dart:1021:19)
#39     _runZoned (dart:async/zone.dart:1516:10)
#40     runZoned (dart:async/zone.dart:1500:12)
#41     run.<anonymous closure> (package:flutter_tools/runner.dart:60:18)
<asynchronous suspension>
#42     AppContext.run.<anonymous closure> (package:flutter_tools/src/base/context.dart:153:29)
<asynchronous suspension>
#43     _rootRun (dart:async/zone.dart:1124:13)
#44     _CustomZone.run (dart:async/zone.dart:1021:19)
#45     _runZoned (dart:async/zone.dart:1516:10)
#46     runZoned (dart:async/zone.dart:1463:12)
#47     AppContext.run (package:flutter_tools/src/base/context.dart:152:18)
<asynchronous suspension>
#48     runInContext (package:flutter_tools/src/context_runner.dart:56:24)
<asynchronous suspension>
#49     run (package:flutter_tools/runner.dart:51:10)
#50     main (package:flutter_tools/executable.dart:62:9)
<asynchronous suspension>
#51     main (file:///Users/dominicjarmann/Documents/development/flutter/packages/flutter_tools/bin/flutter_tools.dart:8:3)
#52     _startIsolate.<anonymous closure> (dart:isolate-patch/isolate_patch.dart:303:32)
#53     _RawReceivePortImpl._handleMessage (dart:isolate-patch/isolate_patch.dart:172:12)
```

## flutter doctor

```
[✓] Flutter (Channel master, v1.8.1-pre.23, on Mac OS X 10.14.5 18F203, locale en-GB)
    • Flutter version 1.8.1-pre.23 at /Users/dominicjarmann/Documents/development/flutter
    • Framework revision 3bf91b5436 (4 days ago), 2019-07-05 12:59:32 -0700
    • Engine revision 3c51a7bfff
    • Dart version 2.5.0 (build 2.5.0-dev.0.0 b5aeaa6796)

[✓] Android toolchain - develop for Android devices (Android SDK version 29.0.0)
    • Android SDK at /Users/dominicjarmann/Library/Android/sdk
    • Android NDK location not configured (optional; useful for native profiling support)
    • Platform android-29, build-tools 29.0.0
    • Java binary at: /Applications/Android Studio.app/Contents/jre/jdk/Contents/Home/bin/java
    • Java version OpenJDK Runtime Environment (build 1.8.0_152-release-1343-b01)
    • All Android licenses accepted.

[✓] Xcode - develop for iOS and macOS (Xcode 10.2.1)
    • Xcode at /Applications/Xcode.app/Contents/Developer
    • Xcode 10.2.1, Build version 10E1001
    • CocoaPods version 1.7.3

[✓] iOS tools - develop for iOS devices
    • ios-deploy 1.9.4

[✓] Chrome - develop for the web
    • Chrome at /Applications/Google Chrome.app/Contents/MacOS/Google Chrome

[!] Android Studio (version 3.4)
    • Android Studio at /Applications/Android Studio.app/Contents
    ✗ Flutter plugin not installed; this adds Flutter specific functionality.
    ✗ Dart plugin not installed; this adds Dart specific functionality.
    • Java version OpenJDK Runtime Environment (build 1.8.0_152-release-1343-b01)

[✓] VS Code (version 1.36.0)
    • VS Code at /Applications/Visual Studio Code.app/Contents
    • Flutter extension version 3.2.0

[✓] Connected device (3 available)
    • iPhone Xʀ • 5C9BFB67-777B-4C0F-9741-CE0B6139ADA8 • ios            • com.apple.CoreSimulator.SimRuntime.iOS-12-2 (simulator)
    • macOS     • macOS                                • darwin-x64     • Mac OS X 10.14.5 18F203
    • Chrome    • chrome                               • web-javascript • Google Chrome 75.0.3770.100 


! Doctor found issues in 1 category.
```
